<?xml version="1.0" encoding="UTF-8"?>
<!-- Generated by org.testng.reporters.JUnitReportReporter -->
<testsuite hostname="HP" failures="0" tests="1" name="testpackage.TestMakeMyTrip" time="250.622" errors="0" timestamp="2021-03-22T16:17:56 IST" skipped="0">
  <testcase classname="testpackage.TestMakeMyTrip" name="main" time="250.622"/>
  <system-out/>
</testsuite> <!-- testpackage.TestMakeMyTrip -->
